<?xml version="1.0" encoding="utf-8"?><testsuites name="pytest tests"><testsuite name="pytest" errors="0" failures="0" skipped="1" tests="7" time="3.878" timestamp="2026-05-07T14:13:38.469822+00:00" hostname="agent-env-97fb3680-19b8-461c-836b-016b76497790"><testcase classname="tests.test_auto_reject_canonical_defective_since.TestAutoRejectYellow" name="test_auto_reject_with_not_ok" time="0.801" /><testcase classname="tests.test_auto_reject_canonical_defective_since.TestAutoRejectYellow" name="test_auto_reject_with_needs_repair" time="0.299" /><testcase classname="tests.test_auto_reject_canonical_defective_since.TestReInspectAlreadyDefective" name="test_clock_not_reset_and_auto_remark_added" time="0.430" /><testcase classname="tests.test_auto_reject_canonical_defective_since.TestFreshDefect" name="test_fresh_defect_creates_new_ol" time="0.284" /><testcase classname="tests.test_auto_reject_canonical_defective_since.TestNotificationCanonical" name="test_notification_message_uses_ol_defective_since" time="1.200"><skipped type="pytest.skip" message="notifications endpoint returned 422 — skipping">/app/backend/tests/test_auto_reject_canonical_defective_since.py:315: notifications endpoint returned 422 — skipping</skipped></testcase><testcase classname="tests.test_auto_reject_canonical_defective_since" name="test_audit_invariant_i9_passes" time="0.082" /><testcase classname="tests.test_auto_reject_canonical_defective_since" name="test_drift_scanner_runs" time="0.682" /></testsuite></testsuites>