<?xml version="1.0" encoding="utf-8"?><testsuites name="pytest tests"><testsuite name="pytest" errors="0" failures="0" skipped="0" tests="13" time="7.295" timestamp="2026-05-17T20:27:19.481820+00:00" hostname="agent-env-26f44c64-e265-4e0a-80da-0a69a018f075"><testcase classname="backend.tests.test_canvas_first_iter35.TestAssetTypeDeptValidation" name="test_missing_department_id_rejected" time="1.010" /><testcase classname="backend.tests.test_canvas_first_iter35.TestAssetTypeDeptValidation" name="test_empty_department_id_rejected" time="0.172" /><testcase classname="backend.tests.test_canvas_first_iter35.TestAssetTypeDeptValidation" name="test_valid_create_with_icon_key" time="0.602" /><testcase classname="backend.tests.test_canvas_first_iter35.TestAssetTypeDeptValidation" name="test_update_rejects_empty_dept" time="0.231" /><testcase classname="backend.tests.test_canvas_first_iter35.TestPreviewCode" name="test_preview_with_subzone_includes_sz" time="0.229" /><testcase classname="backend.tests.test_canvas_first_iter35.TestPreviewCode" name="test_preview_station_level_uses_stn_token" time="0.217" /><testcase classname="backend.tests.test_canvas_first_iter35.TestAutoCreate" name="test_subzone_autocreate_enriched" time="0.215" /><testcase classname="backend.tests.test_canvas_first_iter35.TestAutoCreate" name="test_station_level_autocreate" time="0.225" /><testcase classname="backend.tests.test_canvas_first_iter35.TestAutoCreate" name="test_sequence_atomicity" time="0.319" /><testcase classname="backend.tests.test_canvas_first_iter35.TestAutoCreate" name="test_override_sets_exact_code" time="0.218" /><testcase classname="backend.tests.test_canvas_first_iter35.TestAutoCreate" name="test_override_conflict_returns_409" time="0.316" /><testcase classname="backend.tests.test_canvas_first_iter35.TestAutoCreate" name="test_grouped_requires_total_count" time="0.323" /><testcase classname="backend.tests.test_canvas_first_iter35.TestAutoCreate" name="test_delete_works" time="3.111" /></testsuite></testsuites>