<?xml version="1.0" encoding="utf-8"?><testsuites name="pytest tests"><testsuite name="pytest" errors="0" failures="0" skipped="0" tests="26" time="4.027" timestamp="2026-05-16T11:45:32.929866+00:00" hostname="agent-env-564571e2-09c7-41b2-ab4a-cd1a6abc0190"><testcase classname="backend.tests.test_inspection_compliance_iter29.TestComplianceThreshold" name="test_get_threshold_returns_overdue_days" time="0.643" /><testcase classname="backend.tests.test_inspection_compliance_iter29.TestComplianceThreshold" name="test_get_threshold_default_is_7" time="0.118" /><testcase classname="backend.tests.test_inspection_compliance_iter29.TestComplianceThreshold" name="test_put_threshold_success" time="0.243" /><testcase classname="backend.tests.test_inspection_compliance_iter29.TestComplianceThreshold" name="test_put_threshold_persists" time="0.209" /><testcase classname="backend.tests.test_inspection_compliance_iter29.TestComplianceThreshold" name="test_put_threshold_clamp_min" time="0.104" /><testcase classname="backend.tests.test_inspection_compliance_iter29.TestComplianceThreshold" name="test_put_threshold_clamp_max" time="0.106" /><testcase classname="backend.tests.test_inspection_compliance_iter29.TestComplianceThreshold" name="test_put_threshold_restore_default" time="0.107" /><testcase classname="backend.tests.test_inspection_compliance_iter29.TestComplianceThreshold" name="test_put_threshold_invalid_user" time="0.096" /><testcase classname="backend.tests.test_inspection_compliance_iter29.TestSupervisorActivity" name="test_returns_list" time="0.116" /><testcase classname="backend.tests.test_inspection_compliance_iter29.TestSupervisorActivity" name="test_returns_supervisors_with_required_fields" time="0.102" /><testcase classname="backend.tests.test_inspection_compliance_iter29.TestSupervisorActivity" name="test_has_supervisors" time="0.109" /><testcase classname="backend.tests.test_inspection_compliance_iter29.TestSupervisorActivity" name="test_status_values_valid" time="0.103" /><testcase classname="backend.tests.test_inspection_compliance_iter29.TestSupervisorActivity" name="test_invalid_user_id_returns_error" time="0.101" /><testcase classname="backend.tests.test_inspection_compliance_iter29.TestMissingHeatmap" name="test_returns_asset_types_and_grid" time="0.108" /><testcase classname="backend.tests.test_inspection_compliance_iter29.TestMissingHeatmap" name="test_grid_has_station_entries" time="0.109" /><testcase classname="backend.tests.test_inspection_compliance_iter29.TestMissingHeatmap" name="test_grid_row_has_station_and_cells" time="0.099" /><testcase classname="backend.tests.test_inspection_compliance_iter29.TestMissingHeatmap" name="test_asset_types_have_id_and_name" time="0.117" /><testcase classname="backend.tests.test_inspection_compliance_iter29.TestMissingHeatmap" name="test_invalid_user_id_returns_error" time="0.107" /><testcase classname="backend.tests.test_inspection_compliance_iter29.TestSigHistory" name="test_returns_paginated_response" time="0.102" /><testcase classname="backend.tests.test_inspection_compliance_iter29.TestSigHistory" name="test_items_is_list" time="0.100" /><testcase classname="backend.tests.test_inspection_compliance_iter29.TestSigHistory" name="test_pagination_page1" time="0.152" /><testcase classname="backend.tests.test_inspection_compliance_iter29.TestSigHistory" name="test_sig_history_item_fields" time="0.105" /><testcase classname="backend.tests.test_inspection_compliance_iter29.TestSigHistory" name="test_invalid_user_id_returns_error" time="0.104" /><testcase classname="backend.tests.test_inspection_compliance_iter29.TestSigPdfExport" name="test_pdf_export_for_existing_sig_inspection" time="0.247" /><testcase classname="backend.tests.test_inspection_compliance_iter29.TestSigPdfExport" name="test_pdf_export_invalid_id" time="0.107" /><testcase classname="backend.tests.test_inspection_compliance_iter29.TestSigPdfExport" name="test_pdf_export_non_sig_inspection" time="0.232" /></testsuite></testsuites>