<?xml version="1.0" encoding="utf-8"?><testsuites name="pytest tests"><testsuite name="pytest" errors="0" failures="0" skipped="0" tests="11" time="3.045" timestamp="2026-05-10T14:24:26.946921+00:00" hostname="agent-env-7bc1d133-af84-4ac4-b7df-68b46b59b240"><testcase classname="backend.tests.test_comparative_export.TestPdfExport" name="test_pdf_default_export" time="0.525" /><testcase classname="backend.tests.test_comparative_export.TestPdfExport" name="test_pdf_compact_style" time="0.162" /><testcase classname="backend.tests.test_comparative_export.TestPdfExport" name="test_pdf_invalid_user" time="0.103" /><testcase classname="backend.tests.test_comparative_export.TestExcelExport" name="test_excel_default_all_sheets" time="0.171" /><testcase classname="backend.tests.test_comparative_export.TestExcelExport" name="test_excel_section_card_a_off" time="0.153" /><testcase classname="backend.tests.test_comparative_export.TestExcelExport" name="test_excel_section_defective_off" time="0.145" /><testcase classname="backend.tests.test_comparative_export.TestExcelExport" name="test_excel_section_remarks_off" time="0.159" /><testcase classname="backend.tests.test_comparative_export.TestExcelExport" name="test_excel_card_c_full" time="0.172" /><testcase classname="backend.tests.test_comparative_export.TestExcelExport" name="test_excel_dept_filter_electrical" time="0.423" /><testcase classname="backend.tests.test_comparative_export.TestExcelExport" name="test_excel_drill_state_location_summary" time="0.277" /><testcase classname="backend.tests.test_comparative_export.TestSupAnonymisation" name="test_excel_peer_matrix_anonymised" time="0.488" /></testsuite></testsuites>