<?xml version="1.0" encoding="utf-8"?><testsuites name="pytest tests"><testsuite name="pytest" errors="0" failures="0" skipped="0" tests="10" time="3.374" timestamp="2026-05-10T13:38:53.274713+00:00" hostname="agent-env-7bc1d133-af84-4ac4-b7df-68b46b59b240"><testcase classname="backend.tests.test_comparative_drilldown" name="test_grouped_station_level" time="0.583" /><testcase classname="backend.tests.test_comparative_drilldown" name="test_grouped_location_summary" time="0.276" /><testcase classname="backend.tests.test_comparative_drilldown" name="test_grouped_location_types" time="0.458" /><testcase classname="backend.tests.test_comparative_drilldown" name="test_grouped_asset_level" time="0.483" /><testcase classname="backend.tests.test_comparative_drilldown" name="test_grouped_dept_filter" time="0.321" /><testcase classname="backend.tests.test_comparative_drilldown" name="test_radar_endpoint_admin" time="0.109" /><testcase classname="backend.tests.test_comparative_drilldown" name="test_radar_endpoint_sup_anonymised" time="0.433" /><testcase classname="backend.tests.test_comparative_drilldown" name="test_by_asset_type_accepts_dept_id" time="0.207" /><testcase classname="backend.tests.test_comparative_drilldown" name="test_p90_present_in_grouped_response" time="0.109" /><testcase classname="backend.tests.test_comparative_drilldown" name="test_grouped_missing_parent_id" time="0.220" /></testsuite></testsuites>