<?xml version="1.0" encoding="utf-8"?><testsuites name="pytest tests"><testsuite name="pytest" errors="0" failures="0" skipped="0" tests="14" time="2.959" timestamp="2026-05-11T02:44:26.591727+00:00" hostname="agent-env-7bc1d133-af84-4ac4-b7df-68b46b59b240"><testcase classname="backend.tests.test_comparative_redesign.TestAssetTypeLocations" name="test_returns_groups_by_station" time="0.592" /><testcase classname="backend.tests.test_comparative_redesign.TestAssetTypeLocations" name="test_station_filter_narrows_groups" time="0.346" /><testcase classname="backend.tests.test_comparative_redesign.TestAssetTypeAssets" name="test_assets_carry_status_and_meta" time="0.347" /><testcase classname="backend.tests.test_comparative_redesign.TestAssetTypeAssets" name="test_unknown_asset_type_returns_empty" time="0.108" /><testcase classname="backend.tests.test_comparative_redesign.TestStationSupervisors" name="test_rows_have_department_tag" time="0.225" /><testcase classname="backend.tests.test_comparative_redesign.TestROsList" name="test_lists_all_ros" time="0.104" /><testcase classname="backend.tests.test_comparative_redesign.TestROsList" name="test_dept_filter_narrows" time="0.226" /><testcase classname="backend.tests.test_comparative_redesign.TestROSupervisors" name="test_returns_ro_header_and_rows" time="0.210" /><testcase classname="backend.tests.test_comparative_redesign.TestROSupervisors" name="test_unknown_ro_returns_404" time="0.111" /><testcase classname="backend.tests.test_comparative_redesign.TestAuthGate" name="test_user_404[/api/reports/comparative/asset-type/locations/000000000000000000000000-params0]" time="0.120" /><testcase classname="backend.tests.test_comparative_redesign.TestAuthGate" name="test_user_404[/api/reports/comparative/asset-type/assets/000000000000000000000000-params1]" time="0.121" /><testcase classname="backend.tests.test_comparative_redesign.TestAuthGate" name="test_user_404[/api/reports/comparative/station-supervisors/000000000000000000000000-params2]" time="0.125" /><testcase classname="backend.tests.test_comparative_redesign.TestAuthGate" name="test_user_404[/api/reports/comparative/ros/000000000000000000000000-params3]" time="0.126" /><testcase classname="backend.tests.test_comparative_redesign.TestAuthGate" name="test_user_404[/api/reports/comparative/ro-supervisors/000000000000000000000000-params4]" time="0.109" /></testsuite></testsuites>