<?xml version="1.0" encoding="utf-8"?><testsuites name="pytest tests"><testsuite name="pytest" errors="0" failures="0" skipped="3" tests="16" time="2.660" timestamp="2026-05-12T13:42:46.471791+00:00" hostname="agent-env-7bc1d133-af84-4ac4-b7df-68b46b59b240"><testcase classname="backend.tests.test_data_health.TestScan" name="test_scan_as_superadmin_returns_all_categories" time="0.605" /><testcase classname="backend.tests.test_data_health.TestScan" name="test_scan_as_supervisor_forbidden" time="0.138" /><testcase classname="backend.tests.test_data_health.TestScan" name="test_scan_as_admin_allowed" time="0.162" /><testcase classname="backend.tests.test_data_health.TestPreview" name="test_preview_test_station_cascade" time="0.095"><skipped type="pytest.skip" message="No test_stations in DB">/app/backend/tests/test_data_health.py:120: No test_stations in DB</skipped></testcase><testcase classname="backend.tests.test_data_health.TestPreview" name="test_preview_test_user_cascade" time="0.167" /><testcase classname="backend.tests.test_data_health.TestPreview" name="test_preview_bulk_orphan_items" time="0.099" /><testcase classname="backend.tests.test_data_health.TestClean" name="test_clean_as_admin_forbidden" time="0.071" /><testcase classname="backend.tests.test_data_health.TestClean" name="test_clean_orphan_inspection_items_idempotent" time="0.139" /><testcase classname="backend.tests.test_data_health.TestClean" name="test_clean_single_test_station_cascade" time="0.104"><skipped type="pytest.skip" message="No test_stations to delete">/app/backend/tests/test_data_health.py:196: No test_stations to delete</skipped></testcase><testcase classname="backend.tests.test_data_health.TestClean" name="test_clean_unnamed_types_with_assets_refused_or_zero" time="0.094"><skipped type="pytest.skip" message="No unnamed_asset_types to test">/app/backend/tests/test_data_health.py:218: No unnamed_asset_types to test</skipped></testcase><testcase classname="backend.tests.test_data_health.TestAudit" name="test_audit_log_returns_rows_with_performed_by_name" time="0.067" /><testcase classname="backend.tests.test_data_health.TestAssetStatusGhost" name="test_scan_returns_asset_status_ghost_category" time="0.096" /><testcase classname="backend.tests.test_data_health.TestAssetStatusGhost" name="test_inject_ghost_then_scan_detects" time="0.129" /><testcase classname="backend.tests.test_data_health.TestAssetStatusGhost" name="test_clean_ghost_resets_status_to_working" time="0.288" /><testcase classname="backend.tests.test_data_health.TestAssetStatusGhost" name="test_clean_ghost_admin_forbidden" time="0.079" /><testcase classname="backend.tests.test_data_health.TestActivityWipeAssetReset" name="test_activity_wipe_auto_resets_ghost" time="0.075" /></testsuite></testsuites>