<?xml version="1.0" encoding="utf-8"?><testsuites name="pytest tests"><testsuite name="pytest" errors="0" failures="1" skipped="1" tests="11" time="1.708" timestamp="2026-05-11T06:27:44.179532+00:00" hostname="agent-env-7bc1d133-af84-4ac4-b7df-68b46b59b240"><testcase classname="backend.tests.test_data_health.TestScan" name="test_scan_as_superadmin_returns_all_categories" time="0.594" /><testcase classname="backend.tests.test_data_health.TestScan" name="test_scan_as_supervisor_forbidden" time="0.094" /><testcase classname="backend.tests.test_data_health.TestScan" name="test_scan_as_admin_allowed" time="0.120" /><testcase classname="backend.tests.test_data_health.TestPreview" name="test_preview_test_station_cascade" time="0.125" /><testcase classname="backend.tests.test_data_health.TestPreview" name="test_preview_test_user_cascade" time="0.120" /><testcase classname="backend.tests.test_data_health.TestPreview" name="test_preview_bulk_orphan_items" time="0.073"><failure message="assert 500 == 200&#10; +  where 500 = &lt;Response [500]&gt;.status_code">backend/tests/test_data_health.py:156: in test_preview_bulk_orphan_items
    assert r.status_code == 200
E   assert 500 == 200
E    +  where 500 = &lt;Response [500]&gt;.status_code</failure></testcase><testcase classname="backend.tests.test_data_health.TestClean" name="test_clean_as_admin_forbidden" time="0.046" /><testcase classname="backend.tests.test_data_health.TestClean" name="test_clean_orphan_inspection_items_idempotent" time="0.095" /><testcase classname="backend.tests.test_data_health.TestClean" name="test_clean_single_test_station_cascade" time="0.205" /><testcase classname="backend.tests.test_data_health.TestClean" name="test_clean_unnamed_types_with_assets_refused_or_zero" time="0.081"><skipped type="pytest.skip" message="No unnamed_asset_types to test">/app/backend/tests/test_data_health.py:215: No unnamed_asset_types to test</skipped></testcase><testcase classname="backend.tests.test_data_health.TestAudit" name="test_audit_log_returns_rows_with_performed_by_name" time="0.047" /></testsuite></testsuites>