<?xml version="1.0" encoding="utf-8"?><testsuites name="pytest tests"><testsuite name="pytest" errors="0" failures="0" skipped="0" tests="15" time="26.744" timestamp="2026-05-06T19:50:11.507469+00:00" hostname="agent-env-28963b8f-d602-4485-b26d-fa2e922ed1f3"><testcase classname="backend.tests.test_e2e_regression.TestCRUDCoverage" name="test_departments_list_after_create" time="21.023" /><testcase classname="backend.tests.test_e2e_regression.TestCRUDCoverage" name="test_delete_department" time="0.422" /><testcase classname="backend.tests.test_e2e_regression.TestCRUDCoverage" name="test_stations_list" time="0.129" /><testcase classname="backend.tests.test_e2e_regression.TestCRUDCoverage" name="test_delete_location" time="0.145" /><testcase classname="backend.tests.test_e2e_regression.TestCRUDCoverage" name="test_assets_list_and_delete" time="0.267" /><testcase classname="backend.tests.test_e2e_regression.TestCRUDCoverage" name="test_user_uniqueness_station_dept_for_sup" time="0.126" /><testcase classname="backend.tests.test_e2e_regression.TestCRUDCoverage" name="test_delete_one_user_each_role" time="0.418" /><testcase classname="backend.tests.test_e2e_regression.TestInspectionAndOrangeFlow" name="test_auto_defect_remark_inserted" time="1.048" /><testcase classname="backend.tests.test_e2e_regression.TestInspectionAndOrangeFlow" name="test_orange_visible_to_admin_dashboard" time="0.131" /><testcase classname="backend.tests.test_e2e_regression.TestCoverageGapsConsistency" name="test_coverage_gaps_response_shape" time="0.165" /><testcase classname="backend.tests.test_e2e_regression.TestRemarksValidation" name="test_300_char_limit" time="0.266" /><testcase classname="backend.tests.test_e2e_regression.TestRemarksValidation" name="test_post_note_as_superadmin" time="0.120" /><testcase classname="backend.tests.test_e2e_regression.TestRemarkTagAdmin" name="test_create_and_archive_tag" time="0.644" /><testcase classname="backend.tests.test_e2e_regression.TestAnalyticsShape" name="test_admin_rollup" time="0.245" /><testcase classname="backend.tests.test_e2e_regression.TestAnalyticsShape" name="test_supervisor_performance_legacy" time="1.497" /></testsuite></testsuites>