<?xml version="1.0" encoding="utf-8"?><testsuites name="pytest tests"><testsuite name="pytest" errors="0" failures="0" skipped="0" tests="10" time="4.035" timestamp="2026-05-13T09:44:42.392104+00:00" hostname="agent-env-7bc1d133-af84-4ac4-b7df-68b46b59b240"><testcase classname="backend.tests.test_health_explorer.TestHealthExplorerL1" name="test_sa_default_asset_type_mode" time="0.568" /><testcase classname="backend.tests.test_health_explorer.TestHealthExplorerL1" name="test_sa_station_mode" time="0.219" /><testcase classname="backend.tests.test_health_explorer.TestHealthExplorerL1" name="test_sup_scoped_to_50" time="0.470" /><testcase classname="backend.tests.test_health_explorer.TestHealthExplorerL1" name="test_viewer_global_matches_sa" time="0.632" /><testcase classname="backend.tests.test_health_explorer.TestHealthExplorerL1" name="test_invalid_user" time="0.109" /><testcase classname="backend.tests.test_health_explorer.TestHealthExplorerDrill" name="test_drill_l2_asset_type" time="0.246" /><testcase classname="backend.tests.test_health_explorer.TestHealthExplorerDrill" name="test_drill_l4_individual_assets" time="0.513" /><testcase classname="backend.tests.test_health_explorer.TestHealthExplorerFilters" name="test_sa_filters" time="0.111" /><testcase classname="backend.tests.test_health_explorer.TestHealthExplorerFilters" name="test_sup_filters_scoped" time="0.109" /><testcase classname="backend.tests.test_health_explorer.TestHealthExplorerFilters" name="test_filter_station_narrows" time="0.343" /></testsuite></testsuites>