<?xml version="1.0" encoding="utf-8"?><testsuites name="pytest tests"><testsuite name="pytest" errors="0" failures="0" skipped="0" tests="8" time="1.536" timestamp="2026-05-07T11:20:44.624372+00:00" hostname="agent-env-97fb3680-19b8-461c-836b-016b76497790"><testcase classname="tests.test_ist_and_validation.TestOrangeListIST" name="test_orange_list_returns_naive_ist_strings" time="0.163" /><testcase classname="tests.test_ist_and_validation.TestSuperadminDashboardConsistency" name="test_health_counts_consistent" time="0.447" /><testcase classname="tests.test_ist_and_validation.TestInspectionValidation" name="test_reject_future_defective_since" time="0.154" /><testcase classname="tests.test_ist_and_validation.TestInspectionValidation" name="test_reject_defective_since_after_inspection_at" time="0.138" /><testcase classname="tests.test_ist_and_validation.TestMarkWorkingValidation" name="test_reject_future_marked_working_at" time="0.137" /><testcase classname="tests.test_ist_and_validation.TestMarkWorkingValidation" name="test_reject_marked_working_before_defective_since" time="0.135" /><testcase classname="tests.test_ist_and_validation.TestMarkWorkingValidation" name="test_mark_working_succeeds_with_valid_timestamp" time="0.226" /><testcase classname="tests.test_list_consistency" name="test_list_consistency_audit_passes" time="0.003" /></testsuite></testsuites>