<?xml version="1.0" encoding="utf-8"?><testsuites name="pytest tests"><testsuite name="pytest" errors="0" failures="0" skipped="0" tests="13" time="3.883" timestamp="2026-05-07T11:43:08.058916+00:00" hostname="agent-env-97fb3680-19b8-461c-836b-016b76497790"><testcase classname="backend.tests.test_ist_cross_ui_consistency.TestOrangeListAfterInjection" name="test_each_defect_appears_with_ist_literal" time="1.242" /><testcase classname="backend.tests.test_ist_cross_ui_consistency.TestSuperadminDashboard" name="test_health_counts_match_orange_list" time="0.159" /><testcase classname="backend.tests.test_ist_cross_ui_consistency.TestOversightCategoryAssets" name="test_each_defect_listed_in_priority_bucket" time="0.501" /><testcase classname="backend.tests.test_ist_cross_ui_consistency.TestSupScope" name="test_sup_orange_list_scoped" time="0.363" /><testcase classname="backend.tests.test_ist_cross_ui_consistency.TestAsupScope" name="test_asup_orange_list_scoped" time="0.369" /><testcase classname="backend.tests.test_list_consistency" name="test_list_consistency_audit_passes" time="0.004" /><testcase classname="backend.tests.test_ist_and_validation.TestOrangeListIST" name="test_orange_list_returns_naive_ist_strings" time="0.119" /><testcase classname="backend.tests.test_ist_and_validation.TestSuperadminDashboardConsistency" name="test_health_counts_consistent" time="0.391" /><testcase classname="backend.tests.test_ist_and_validation.TestInspectionValidation" name="test_reject_future_defective_since" time="0.117" /><testcase classname="backend.tests.test_ist_and_validation.TestInspectionValidation" name="test_reject_defective_since_after_inspection_at" time="0.095" /><testcase classname="backend.tests.test_ist_and_validation.TestMarkWorkingValidation" name="test_reject_future_marked_working_at" time="0.105" /><testcase classname="backend.tests.test_ist_and_validation.TestMarkWorkingValidation" name="test_reject_marked_working_before_defective_since" time="0.099" /><testcase classname="backend.tests.test_ist_and_validation.TestMarkWorkingValidation" name="test_mark_working_succeeds_with_valid_timestamp" time="0.167" /></testsuite></testsuites>