<?xml version="1.0" encoding="utf-8"?><testsuites name="pytest tests"><testsuite name="pytest" errors="0" failures="0" skipped="0" tests="11" time="13.057" timestamp="2026-05-16T18:51:30.274937+00:00" hostname="agent-env-564571e2-09c7-41b2-ab4a-cd1a6abc0190"><testcase classname="backend.tests.test_grouped_assets_iter31.TestSubZoneCRUD" name="test_create_list_update_delete" time="2.070" /><testcase classname="backend.tests.test_grouped_assets_iter31.TestSubZoneCRUD" name="test_delete_refuses_when_asset_references_it" time="1.847" /><testcase classname="backend.tests.test_grouped_assets_iter31.TestAssetTypeTrackingMode" name="test_default_is_individual" time="0.336" /><testcase classname="backend.tests.test_grouped_assets_iter31.TestAssetTypeTrackingMode" name="test_grouped_persists_and_updates" time="0.583" /><testcase classname="backend.tests.test_grouped_assets_iter31.TestGroupedAssetCreate" name="test_missing_sub_zone_returns_400" time="0.541" /><testcase classname="backend.tests.test_grouped_assets_iter31.TestGroupedAssetCreate" name="test_zero_total_count_returns_400" time="0.821" /><testcase classname="backend.tests.test_grouped_assets_iter31.TestGroupedAssetCreate" name="test_auto_generates_asset_number_and_enriches_list" time="1.391" /><testcase classname="backend.tests.test_grouped_assets_iter31.TestGroupedInspection" name="test_group_counts_exceeding_total_returns_400" time="1.232" /><testcase classname="backend.tests.test_grouped_assets_iter31.TestGroupedInspection" name="test_defective_zero_keeps_working_no_ol" time="1.518" /><testcase classname="backend.tests.test_grouped_assets_iter31.TestGroupedInspection" name="test_group_counts_with_defects_flip_status_and_persist_snapshot" time="1.938" /><testcase classname="backend.tests.test_grouped_assets_iter31.TestIndividualAssetRegression" name="test_individual_inspection_flow_still_works" time="0.689" /></testsuite></testsuites>