<?xml version="1.0" encoding="utf-8"?><testsuites name="pytest tests"><testsuite name="pytest" errors="0" failures="0" skipped="0" tests="8" time="2.126" timestamp="2026-05-18T19:49:35.657361+00:00" hostname="agent-env-b2488d49-6755-486c-a1b6-da61a6925e18"><testcase classname="backend.tests.test_custom_icon_iter37.TestCustomIconCRUD" name="test_initial_create_has_null_custom_icon" time="0.636" /><testcase classname="backend.tests.test_custom_icon_iter37.TestCustomIconCRUD" name="test_upload_svg_icon" time="0.315" /><testcase classname="backend.tests.test_custom_icon_iter37.TestCustomIconCRUD" name="test_list_includes_custom_icon_url" time="0.049" /><testcase classname="backend.tests.test_custom_icon_iter37.TestCustomIconCRUD" name="test_reject_bad_extension" time="0.117" /><testcase classname="backend.tests.test_custom_icon_iter37.TestCustomIconCRUD" name="test_reject_oversize" time="0.409" /><testcase classname="backend.tests.test_custom_icon_iter37.TestCustomIconCRUD" name="test_delete_icon" time="0.179" /><testcase classname="backend.tests.test_custom_icon_iter37.TestCustomIconCRUD" name="test_upload_to_unknown_asset_type_404" time="0.134" /><testcase classname="backend.tests.test_custom_icon_iter37.TestStationCanvasCustomIcon" name="test_station_canvas_has_custom_icon_url_key" time="0.165" /></testsuite></testsuites>