<?xml version="1.0" encoding="utf-8"?><testsuites name="pytest tests"><testsuite name="pytest" errors="0" failures="0" skipped="0" tests="5" time="1.746" timestamp="2026-05-19T10:51:11.049252+00:00" hostname="agent-env-b2488d49-6755-486c-a1b6-da61a6925e18"><testcase classname="backend.tests.test_landmark_iter38.TestLandmarkCRUDIter38" name="test_create_landmark_with_empty_location_and_station" time="0.913" /><testcase classname="backend.tests.test_landmark_iter38.TestLandmarkCRUDIter38" name="test_create_landmark_missing_optional_fields" time="0.239" /><testcase classname="backend.tests.test_landmark_iter38.TestLandmarkCRUDIter38" name="test_update_landmark_position" time="0.213" /><testcase classname="backend.tests.test_landmark_iter38.TestLandmarkCRUDIter38" name="test_update_landmark_404" time="0.104" /><testcase classname="backend.tests.test_landmark_iter38.TestLandmarkCRUDIter38" name="test_delete_landmark" time="0.213" /></testsuite></testsuites>