<?xml version="1.0" encoding="utf-8"?><testsuites name="pytest tests"><testsuite name="pytest" errors="0" failures="0" skipped="0" tests="7" time="2.420" timestamp="2026-05-18T09:53:01.345375+00:00" hostname="agent-env-35b0f9f2-de06-4aea-a561-d232c9b9413f"><testcase classname="backend.tests.test_mobile_inspection_iter36.TestSubZonePillars" name="test_create_sub_zone_with_pillars" time="0.901" /><testcase classname="backend.tests.test_mobile_inspection_iter36.TestSubZonePillars" name="test_get_sub_zones_returns_pillars" time="0.102" /><testcase classname="backend.tests.test_mobile_inspection_iter36.TestSubZonePillars" name="test_update_sub_zone_pillars" time="0.247" /><testcase classname="backend.tests.test_mobile_inspection_iter36.TestSubZonePillars" name="test_station_canvas_includes_pillars" time="0.107" /><testcase classname="backend.tests.test_mobile_inspection_iter36.TestSubZonePillars" name="test_update_sub_zone_clear_pillars" time="0.224" /><testcase classname="backend.tests.test_mobile_inspection_iter36.TestInspectionSubZoneHealth" name="test_create_inspection_with_sub_zone_health" time="0.556" /><testcase classname="backend.tests.test_mobile_inspection_iter36.TestInspectionSubZoneHealth" name="test_create_inspection_without_sub_zone_health_backward_compat" time="0.202" /></testsuite></testsuites>