<?xml version="1.0" encoding="utf-8"?><testsuites name="pytest tests"><testsuite name="pytest" errors="0" failures="0" skipped="1" tests="19" time="15.871" timestamp="2026-05-06T18:50:31.422841+00:00" hostname="agent-env-28963b8f-d602-4485-b26d-fa2e922ed1f3"><testcase classname="backend.tests.test_phase5_remarks.TestTags" name="test_list_default_tags" time="0.597" /><testcase classname="backend.tests.test_phase5_remarks.TestTags" name="test_create_tag_non_admin_forbidden" time="0.510" /><testcase classname="backend.tests.test_phase5_remarks.TestTags" name="test_create_tag_admin" time="0.136" /><testcase classname="backend.tests.test_phase5_remarks.TestTags" name="test_create_duplicate_slug" time="9.937" /><testcase classname="backend.tests.test_phase5_remarks.TestTags" name="test_update_tag" time="0.156" /><testcase classname="backend.tests.test_phase5_remarks.TestTags" name="test_archive_tag" time="0.395" /><testcase classname="backend.tests.test_phase5_remarks.TestRemarks" name="test_get_thread" time="0.303" /><testcase classname="backend.tests.test_phase5_remarks.TestRemarks" name="test_post_note_supervisor" time="0.147" /><testcase classname="backend.tests.test_phase5_remarks.TestRemarks" name="test_observation_supervisor_forbidden" time="0.206" /><testcase classname="backend.tests.test_phase5_remarks.TestRemarks" name="test_observation_asup_allowed" time="0.660" /><testcase classname="backend.tests.test_phase5_remarks.TestRemarks" name="test_escalation_all_roles" time="0.167" /><testcase classname="backend.tests.test_phase5_remarks.TestRemarks" name="test_text_max_length" time="0.154" /><testcase classname="backend.tests.test_phase5_remarks.TestRemarks" name="test_work_order_requires_ref" time="0.169" /><testcase classname="backend.tests.test_phase5_remarks.TestRemarks" name="test_work_order_with_ref" time="0.182" /><testcase classname="backend.tests.test_phase5_remarks.TestRemarks" name="test_unknown_tag" time="0.136" /><testcase classname="backend.tests.test_phase5_remarks.TestRemarks" name="test_invalid_type_rejected" time="0.168" /><testcase classname="backend.tests.test_phase5_remarks.TestRemarks" name="test_thread_contains_posted" time="0.136" /><testcase classname="backend.tests.test_phase5_remarks.TestRemarks" name="test_notification_fanout_note" time="1.306" /><testcase classname="backend.tests.test_phase5_remarks.TestAutoRemarks" name="test_rectification_auto_remark_on_mark_working" time="0.338"><skipped type="pytest.skip" message="mark_working unavailable: 400 {&quot;detail&quot;:&quot;Item is not in defective status&quot;}">/app/backend/tests/test_phase5_remarks.py:282: mark_working unavailable: 400 {"detail":"Item is not in defective status"}</skipped></testcase></testsuite></testsuites>