<?xml version="1.0" encoding="utf-8"?><testsuites name="pytest tests"><testsuite name="pytest" errors="0" failures="0" skipped="0" tests="20" time="8.718" timestamp="2026-05-06T19:34:43.415490+00:00" hostname="agent-env-28963b8f-d602-4485-b26d-fa2e922ed1f3"><testcase classname="backend.tests.test_phase4_extensions.TestAdminRollup" name="test_top_level_shape" time="5.303" /><testcase classname="backend.tests.test_phase4_extensions.TestAdminRollup" name="test_fy_label_is_current_indian_fy" time="0.000" /><testcase classname="backend.tests.test_phase4_extensions.TestAdminRollup" name="test_fy_window_apr_to_apr" time="0.000" /><testcase classname="backend.tests.test_phase4_extensions.TestAdminRollup" name="test_matrix_dims_match_axes" time="0.000" /><testcase classname="backend.tests.test_phase4_extensions.TestAdminRollup" name="test_each_row_has_cells_for_every_dept" time="0.000" /><testcase classname="backend.tests.test_phase4_extensions.TestAdminRollup" name="test_cell_schema" time="0.000" /><testcase classname="backend.tests.test_phase4_extensions.TestAdminRollup" name="test_orphan_cells_have_is_orphan_true_and_null_pct" time="0.000" /><testcase classname="backend.tests.test_phase4_extensions.TestAdminRollup" name="test_non_orphan_cells_have_sup_ids" time="0.000" /><testcase classname="backend.tests.test_phase4_extensions.TestAdminRollup" name="test_dept_benchmarks_keyed_by_dept" time="0.000" /><testcase classname="backend.tests.test_phase4_extensions.TestAdminRollup" name="test_date_filter_applied" time="0.637" /><testcase classname="backend.tests.test_phase4_extensions.TestAdminRollup" name="test_bad_date_returns_400" time="0.622" /><testcase classname="backend.tests.test_phase4_extensions.TestCoverageGaps" name="test_shape" time="0.610" /><testcase classname="backend.tests.test_phase4_extensions.TestCoverageGaps" name="test_missing_sup_severity_red" time="0.000" /><testcase classname="backend.tests.test_phase4_extensions.TestCoverageGaps" name="test_missing_asup_severity_amber_station_only" time="0.000" /><testcase classname="backend.tests.test_phase4_extensions.TestCoverageGaps" name="test_missing_ro_severity_amber" time="0.000" /><testcase classname="backend.tests.test_phase4_extensions.TestCoverageGaps" name="test_missing_sup_cartesian_consistency" time="0.000" /><testcase classname="backend.tests.test_phase4_extensions.TestPerformanceSummaryEnrichment" name="test_asup_rows_have_benchmark_and_zero_defect" time="0.272" /><testcase classname="backend.tests.test_phase4_extensions.TestPerformanceSummaryEnrichment" name="test_ro_rows_have_benchmark_and_zero_defect" time="0.261" /><testcase classname="backend.tests.test_phase4_extensions.TestRegression" name="test_supervisor_performance_still_works" time="0.298" /><testcase classname="backend.tests.test_phase4_extensions.TestRegression" name="test_orange_list_scoping_for_sup" time="0.617" /></testsuite></testsuites>