<?xml version="1.0" encoding="utf-8"?><testsuites name="pytest tests"><testsuite name="pytest" errors="0" failures="0" skipped="2" tests="21" time="7.113" timestamp="2026-05-06T14:36:20.116186+00:00" hostname="agent-env-998ba7d8-946a-4cc4-af2e-b3266d3e0c7e"><testcase classname="backend.tests.test_phase1_features.TestProfileEndpoint" name="test_supervisor_profile_returns_correct_stats" time="0.185" /><testcase classname="backend.tests.test_phase1_features.TestProfileEndpoint" name="test_supervisor_profile_station_is_dhanbad" time="0.289" /><testcase classname="backend.tests.test_phase1_features.TestProfileEndpoint" name="test_supervisor_profile_has_locations" time="0.136" /><testcase classname="backend.tests.test_phase1_features.TestProfileEndpoint" name="test_supervisor_profile_assets_have_health_class" time="0.129" /><testcase classname="backend.tests.test_phase1_features.TestProfileEndpoint" name="test_supervisor_profile_user_block" time="0.119" /><testcase classname="backend.tests.test_phase1_features.TestProfileEndpoint" name="test_asup_profile_returns_dept_grouping" time="0.121" /><testcase classname="backend.tests.test_phase1_features.TestProfileEndpoint" name="test_asup_profile_available_departments" time="0.151" /><testcase classname="backend.tests.test_phase1_features.TestProfileEndpoint" name="test_asup_profile_dept_filter" time="0.300" /><testcase classname="backend.tests.test_phase1_features.TestProfileEndpoint" name="test_superadmin_profile_accessible" time="0.135" /><testcase classname="backend.tests.test_phase1_features.TestProfileEndpoint" name="test_profile_invalid_user_id_returns_400" time="0.138" /><testcase classname="backend.tests.test_phase1_features.TestProfileEndpoint" name="test_profile_nonexistent_user_returns_404" time="0.132" /><testcase classname="backend.tests.test_phase1_features.TestASUPApprovalScoping" name="test_asup_cannot_approve_at_non_assigned_station" time="0.928"><skipped type="pytest.skip" message="No pending_approval items at DHANBAD to test">/app/backend/tests/test_phase1_features.py:210: No pending_approval items at DHANBAD to test</skipped></testcase><testcase classname="backend.tests.test_phase1_features.TestASUPApprovalScoping" name="test_non_asup_cannot_approve" time="0.118"><skipped type="pytest.skip" message="No pending_approval items">/app/backend/tests/test_phase1_features.py:225: No pending_approval items</skipped></testcase><testcase classname="backend.tests.test_phase1_features.TestAssetCreate" name="test_create_asset_without_supervisor" time="0.650" /><testcase classname="backend.tests.test_phase1_features.TestAssetCreate" name="test_asset_create_with_assigned_supervisor_returns_error" time="0.820" /><testcase classname="backend.tests.test_phase1_features.TestSupervisorUniqueness" name="test_duplicate_supervisor_station_dept_returns_409" time="0.365" /><testcase classname="backend.tests.test_phase1_features.TestSupervisorUniqueness" name="test_supervisor_different_dept_same_station_allowed" time="1.108" /><testcase classname="backend.tests.test_phase1_features.TestOrangeListVisibility" name="test_supervisor_can_see_orange_list" time="0.622" /><testcase classname="backend.tests.test_phase1_features.TestOrangeListVisibility" name="test_asup_can_see_orange_list" time="0.189" /><testcase classname="backend.tests.test_phase1_features.TestOrangeListVisibility" name="test_superadmin_can_see_all_orange_list" time="0.194" /><testcase classname="backend.tests.test_phase1_features.TestUsersRouterIssues" name="test_supervisors_endpoint_works" time="0.181" /></testsuite></testsuites>