<?xml version="1.0" encoding="utf-8"?><testsuites name="pytest tests"><testsuite name="pytest" errors="0" failures="0" skipped="0" tests="16" time="6.787" timestamp="2026-05-06T15:13:33.014753+00:00" hostname="agent-env-28963b8f-d602-4485-b26d-fa2e922ed1f3"><testcase classname="backend.tests.test_phase2_features.TestOrangeListEndpoint" name="test_list_paginated_returns_200" time="0.577" /><testcase classname="backend.tests.test_phase2_features.TestOrangeListEndpoint" name="test_list_has_items" time="0.218" /><testcase classname="backend.tests.test_phase2_features.TestOrangeListEndpoint" name="test_pending_approval_items_exist" time="0.129" /><testcase classname="backend.tests.test_phase2_features.TestOrangeListEndpoint" name="test_supervisor_scoped_list" time="0.899" /><testcase classname="backend.tests.test_phase2_features.TestOrangeListEndpoint" name="test_asup_scoped_list" time="0.851" /><testcase classname="backend.tests.test_phase2_features.TestMarkWorkingEndpoint" name="test_mark_working_no_timestamp_defaults_to_now" time="0.372" /><testcase classname="backend.tests.test_phase2_features.TestMarkWorkingEndpoint" name="test_mark_working_with_custom_timestamp" time="0.263" /><testcase classname="backend.tests.test_phase2_features.TestMarkWorkingEndpoint" name="test_mark_working_already_pending_returns_400" time="0.272" /><testcase classname="backend.tests.test_phase2_features.TestMarkWorkingEndpoint" name="test_mark_working_nonexistent_item_returns_404" time="0.144" /><testcase classname="backend.tests.test_phase2_features.TestRejectWorkingEndpoint" name="test_reject_working_by_asup_success" time="0.545" /><testcase classname="backend.tests.test_phase2_features.TestRejectWorkingEndpoint" name="test_reject_working_requires_remarks" time="0.337" /><testcase classname="backend.tests.test_phase2_features.TestRejectWorkingEndpoint" name="test_reject_working_non_pending_returns_400" time="0.289" /><testcase classname="backend.tests.test_phase2_features.TestRejectWorkingEndpoint" name="test_reject_working_non_asup_forbidden" time="0.311" /><testcase classname="backend.tests.test_phase2_features.TestRejectWorkingEndpoint" name="test_reject_working_nonexistent_item_returns_404" time="0.174" /><testcase classname="backend.tests.test_phase2_features.TestFullFlowMarkWorkingReject" name="test_full_flow_sup_mark_asup_reject" time="0.566" /><testcase classname="backend.tests.test_phase2_features.TestApproveStillWorks" name="test_approve_endpoint_available" time="0.665" /></testsuite></testsuites>