<?xml version="1.0" encoding="utf-8"?><testsuites name="pytest tests"><testsuite name="pytest" errors="0" failures="0" skipped="0" tests="9" time="2.549" timestamp="2026-05-17T19:39:56.492923+00:00" hostname="agent-env-69265c23-3c72-4031-9a9f-756ba4ec13c8"><testcase classname="tests.test_platform_vision_iter34" name="test_login_ok" time="0.419" /><testcase classname="tests.test_platform_vision_iter34" name="test_stations_list" time="0.057" /><testcase classname="tests.test_platform_vision_iter34" name="test_locations_list" time="0.191" /><testcase classname="tests.test_platform_vision_iter34" name="test_asset_type_create_with_icon_key" time="0.215" /><testcase classname="tests.test_platform_vision_iter34" name="test_asset_status_patch_missing" time="0.403" /><testcase classname="tests.test_platform_vision_iter34" name="test_asset_canvas_position_persists_and_appears_in_canvas" time="0.358" /><testcase classname="tests.test_platform_vision_iter34" name="test_sub_zone_update_divider" time="0.153" /><testcase classname="tests.test_platform_vision_iter34" name="test_sub_zone_delete_force_unassigns_assets" time="0.408" /><testcase classname="tests.test_platform_vision_iter34" name="test_canvas_landmarks_create_and_list" time="0.262" /></testsuite></testsuites>