<?xml version="1.0" encoding="utf-8"?><testsuites name="pytest tests"><testsuite name="pytest" errors="0" failures="0" skipped="0" tests="30" time="4.101" timestamp="2026-05-17T17:54:52.325800+00:00" hostname="agent-env-69265c23-3c72-4031-9a9f-756ba4ec13c8"><testcase classname="backend.tests.test_platform_blueprint_iter33.TestStationCanvas" name="test_station_canvas_by_station_id" time="0.562" /><testcase classname="backend.tests.test_platform_blueprint_iter33.TestStationCanvas" name="test_station_canvas_by_location_id" time="0.123" /><testcase classname="backend.tests.test_platform_blueprint_iter33.TestStationCanvas" name="test_station_canvas_has_sub_zones_structure" time="0.121" /><testcase classname="backend.tests.test_platform_blueprint_iter33.TestStationCanvas" name="test_station_canvas_assets_have_required_fields" time="0.111" /><testcase classname="backend.tests.test_platform_blueprint_iter33.TestStationCanvas" name="test_station_canvas_missing_params_returns_400" time="0.125" /><testcase classname="backend.tests.test_platform_blueprint_iter33.TestStationCanvas" name="test_station_canvas_invalid_location_returns_404" time="0.112" /><testcase classname="backend.tests.test_platform_blueprint_iter33.TestCanvasLandmarks" name="test_list_landmarks_empty_for_sz_a" time="0.106" /><testcase classname="backend.tests.test_platform_blueprint_iter33.TestCanvasLandmarks" name="test_create_landmark" time="0.097" /><testcase classname="backend.tests.test_platform_blueprint_iter33.TestCanvasLandmarks" name="test_landmark_appears_in_list" time="0.105" /><testcase classname="backend.tests.test_platform_blueprint_iter33.TestCanvasLandmarks" name="test_update_landmark" time="0.132" /><testcase classname="backend.tests.test_platform_blueprint_iter33.TestCanvasLandmarks" name="test_delete_landmark" time="0.106" /><testcase classname="backend.tests.test_platform_blueprint_iter33.TestCanvasLandmarks" name="test_deleted_landmark_not_in_list" time="0.105" /><testcase classname="backend.tests.test_platform_blueprint_iter33.TestCanvasLandmarks" name="test_delete_nonexistent_landmark_404" time="0.108" /><testcase classname="backend.tests.test_platform_blueprint_iter33.TestBulkCanvasUpdate" name="test_bulk_canvas_update_positions" time="0.117" /><testcase classname="backend.tests.test_platform_blueprint_iter33.TestBulkCanvasUpdate" name="test_bulk_canvas_positions_persisted" time="0.104" /><testcase classname="backend.tests.test_platform_blueprint_iter33.TestBulkCanvasUpdate" name="test_bulk_canvas_clear_positions" time="0.109" /><testcase classname="backend.tests.test_platform_blueprint_iter33.TestBulkCanvasUpdate" name="test_single_asset_canvas_update" time="0.110" /><testcase classname="backend.tests.test_platform_blueprint_iter33.TestBulkCanvasUpdate" name="test_single_asset_canvas_persisted" time="0.115" /><testcase classname="backend.tests.test_platform_blueprint_iter33.TestBulkCanvasUpdate" name="test_bulk_canvas_empty_list" time="0.105" /><testcase classname="backend.tests.test_platform_blueprint_iter33.TestSubZoneForceDelete" name="test_setup_create_test_subzone" time="0.099" /><testcase classname="backend.tests.test_platform_blueprint_iter33.TestSubZoneForceDelete" name="test_setup_create_test_asset" time="0.214" /><testcase classname="backend.tests.test_platform_blueprint_iter33.TestSubZoneForceDelete" name="test_delete_subzone_with_assets_force_false_returns_400" time="0.112" /><testcase classname="backend.tests.test_platform_blueprint_iter33.TestSubZoneForceDelete" name="test_delete_subzone_force_true_succeeds" time="0.113" /><testcase classname="backend.tests.test_platform_blueprint_iter33.TestSubZoneForceDelete" name="test_deleted_subzone_no_longer_exists" time="0.140" /><testcase classname="backend.tests.test_platform_blueprint_iter33.TestSubZoneForceDelete" name="test_asset_unassigned_after_force_delete" time="0.106" /><testcase classname="backend.tests.test_platform_blueprint_iter33.TestSubZoneForceDelete" name="test_cleanup_test_asset" time="0.112" /><testcase classname="backend.tests.test_platform_blueprint_iter33.TestSubZoneHasDivider" name="test_create_subzone_with_divider" time="0.114" /><testcase classname="backend.tests.test_platform_blueprint_iter33.TestSubZoneHasDivider" name="test_divider_persists_in_list" time="0.124" /><testcase classname="backend.tests.test_platform_blueprint_iter33.TestSubZoneHasDivider" name="test_divider_in_station_canvas" time="0.124" /><testcase classname="backend.tests.test_platform_blueprint_iter33.TestSubZoneHasDivider" name="test_cleanup_divider_subzone" time="0.154" /></testsuite></testsuites>