<?xml version="1.0" encoding="utf-8"?><testsuites name="pytest tests"><testsuite name="pytest" errors="0" failures="0" skipped="0" tests="26" time="7.574" timestamp="2026-05-06T16:14:00.431348+00:00" hostname="agent-env-28963b8f-d602-4485-b26d-fa2e922ed1f3"><testcase classname="backend.tests.test_phase4_fixes.TestFix1SupervisorSchedule" name="test_supervisor_schedule_returns_200" time="0.313" /><testcase classname="backend.tests.test_phase4_fixes.TestFix1SupervisorSchedule" name="test_supervisor_schedule_structure" time="0.203" /><testcase classname="backend.tests.test_phase4_fixes.TestFix1SupervisorSchedule" name="test_supervisor_schedule_has_tasks" time="0.329" /><testcase classname="backend.tests.test_phase4_fixes.TestFix1SupervisorSchedule" name="test_supervisor_schedule_groups_have_asset_type_name" time="0.234" /><testcase classname="backend.tests.test_phase4_fixes.TestFix1SupervisorSchedule" name="test_supervisor_schedule_tasks_have_required_fields" time="0.362" /><testcase classname="backend.tests.test_phase4_fixes.TestFix1SupervisorSchedule" name="test_supervisor_schedule_department_matches" time="0.146" /><testcase classname="backend.tests.test_phase4_fixes.TestFix1SupervisorSchedule" name="test_supervisor_schedule_invalid_user_returns_404" time="0.142" /><testcase classname="backend.tests.test_phase4_fixes.TestFix1SupervisorSchedule" name="test_supervisor_schedule_bad_date_returns_400" time="0.161" /><testcase classname="backend.tests.test_phase4_fixes.TestFix2AsupSupervisorsCount" name="test_asup_supervisors_returns_200" time="0.166" /><testcase classname="backend.tests.test_phase4_fixes.TestFix2AsupSupervisorsCount" name="test_asup_supervisors_structure" time="0.139" /><testcase classname="backend.tests.test_phase4_fixes.TestFix2AsupSupervisorsCount" name="test_asup_supervisors_non_empty" time="0.135" /><testcase classname="backend.tests.test_phase4_fixes.TestFix2AsupSupervisorsCount" name="test_asup_supervisors_have_non_zero_assigned_assets_count" time="0.133" /><testcase classname="backend.tests.test_phase4_fixes.TestFix2AsupSupervisorsCount" name="test_asup_supervisors_have_non_zero_scheduled_assets_count" time="0.125" /><testcase classname="backend.tests.test_phase4_fixes.TestFix2AsupSupervisorsCount" name="test_asup_supervisors_supervisor_fields" time="0.150" /><testcase classname="backend.tests.test_phase4_fixes.TestFix2AsupSupervisorsCount" name="test_asup_supervisors_invalid_user_returns_404" time="0.137" /><testcase classname="backend.tests.test_phase4_fixes.TestFix3Fix4ApproveNotifications" name="test_approve_flow_and_both_notifications" time="1.483" /><testcase classname="backend.tests.test_phase4_fixes.TestFix4RejectNotifications" name="test_reject_flow_and_both_notifications" time="0.677" /><testcase classname="backend.tests.test_phase4_fixes.TestRegressionInspections" name="test_inspections_sup_scoped_returns_200" time="0.510" /><testcase classname="backend.tests.test_phase4_fixes.TestRegressionInspections" name="test_inspections_sa_returns_200" time="0.136" /><testcase classname="backend.tests.test_phase4_fixes.TestRegressionOrangeList" name="test_orange_list_sup_scoped_returns_200" time="0.139" /><testcase classname="backend.tests.test_phase4_fixes.TestRegressionOrangeList" name="test_orange_list_ro_scoped_returns_200" time="0.146" /><testcase classname="backend.tests.test_phase4_fixes.TestRegressionOrangeList" name="test_orange_list_asup_scoped_returns_200" time="0.502" /><testcase classname="backend.tests.test_phase4_fixes.TestRegressionOrangeList" name="test_orange_list_sup_items_all_at_dhanbad" time="0.142" /><testcase classname="backend.tests.test_phase4_fixes.TestAssetAutoAssignment" name="test_create_asset_at_sup_station_dept" time="0.394" /><testcase classname="backend.tests.test_phase4_fixes.TestAssetAutoAssignment" name="test_new_asset_visible_in_sup_schedule" time="0.334" /><testcase classname="backend.tests.test_phase4_fixes.TestAssetAutoAssignment" name="test_cleanup_test_asset" time="0.128" /></testsuite></testsuites>