<?xml version="1.0" encoding="utf-8"?><testsuites name="pytest tests"><testsuite name="pytest" errors="0" failures="0" skipped="1" tests="25" time="2.088" timestamp="2026-05-06T16:48:30.905970+00:00" hostname="agent-env-28963b8f-d602-4485-b26d-fa2e922ed1f3"><testcase classname="backend.tests.test_phase4_analytics.TestSupervisorPerformance" name="test_returns_200" time="0.537" /><testcase classname="backend.tests.test_phase4_analytics.TestSupervisorPerformance" name="test_response_top_level_structure" time="0.052" /><testcase classname="backend.tests.test_phase4_analytics.TestSupervisorPerformance" name="test_summary_structure" time="0.051" /><testcase classname="backend.tests.test_phase4_analytics.TestSupervisorPerformance" name="test_categories_structure" time="0.057" /><testcase classname="backend.tests.test_phase4_analytics.TestSupervisorPerformance" name="test_with_date_filters" time="0.051" /><testcase classname="backend.tests.test_phase4_analytics.TestSupervisorPerformance" name="test_date_filter_affects_results" time="0.107" /><testcase classname="backend.tests.test_phase4_analytics.TestSupervisorPerformance" name="test_available_stations_present" time="0.056" /><testcase classname="backend.tests.test_phase4_analytics.TestSupervisorPerformance" name="test_invalid_user_id_returns_error" time="0.093" /><testcase classname="backend.tests.test_phase4_analytics.TestSupervisorPerformance" name="test_bad_user_id_format_returns_400" time="0.047" /><testcase classname="backend.tests.test_phase4_analytics.TestSupervisorPerformance" name="test_bad_date_returns_400" time="0.049" /><testcase classname="backend.tests.test_phase4_analytics.TestSupervisorPerformance" name="test_no_internal_fields_in_response" time="0.059" /><testcase classname="backend.tests.test_phase4_analytics.TestAsupPerformanceSummary" name="test_returns_200" time="0.060" /><testcase classname="backend.tests.test_phase4_analytics.TestAsupPerformanceSummary" name="test_response_structure" time="0.056" /><testcase classname="backend.tests.test_phase4_analytics.TestAsupPerformanceSummary" name="test_supervisors_have_required_fields" time="0.073" /><testcase classname="backend.tests.test_phase4_analytics.TestAsupPerformanceSummary" name="test_with_date_filter" time="0.054" /><testcase classname="backend.tests.test_phase4_analytics.TestAsupPerformanceSummary" name="test_invalid_asup_id_returns_404" time="0.054" /><testcase classname="backend.tests.test_phase4_analytics.TestRoPerformanceSummary" name="test_returns_200" time="0.053" /><testcase classname="backend.tests.test_phase4_analytics.TestRoPerformanceSummary" name="test_response_structure" time="0.062" /><testcase classname="backend.tests.test_phase4_analytics.TestRoPerformanceSummary" name="test_supervisors_scoped_to_ro_dept_and_stations" time="0.050" /><testcase classname="backend.tests.test_phase4_analytics.TestRoPerformanceSummary" name="test_with_date_filter" time="0.055" /><testcase classname="backend.tests.test_phase4_analytics.TestRoPerformanceSummary" name="test_invalid_ro_id_returns_404" time="0.050" /><testcase classname="backend.tests.test_phase4_analytics.TestRejectWorkingLastMarkedBy" name="test_reject_working_preserves_last_marked_working_by" time="0.105"><skipped type="pytest.skip" message="Could not create orange list entry: 405">/app/backend/tests/test_phase4_analytics.py:317: Could not create orange list entry: 405</skipped></testcase><testcase classname="backend.tests.test_phase4_analytics.TestRegressionChecks" name="test_legacy_supervisor_analytics_still_works" time="0.048" /><testcase classname="backend.tests.test_phase4_analytics.TestRegressionChecks" name="test_pct_functional_within_range" time="0.052" /><testcase classname="backend.tests.test_phase4_analytics.TestRegressionChecks" name="test_asup_supervisor_ids_valid" time="0.053" /></testsuite></testsuites>