<?xml version="1.0" encoding="utf-8"?><testsuites name="pytest tests"><testsuite name="pytest" errors="0" failures="0" skipped="0" tests="18" time="9.972" timestamp="2026-05-06T17:20:15.685287+00:00" hostname="agent-env-28963b8f-d602-4485-b26d-fa2e922ed1f3"><testcase classname="backend.tests.test_admin_dashboard.TestAdminDashboardBasic" name="test_login_as_admin_returns_200" time="1.090" /><testcase classname="backend.tests.test_admin_dashboard.TestAdminDashboardBasic" name="test_admin_dashboard_returns_200" time="1.093" /><testcase classname="backend.tests.test_admin_dashboard.TestAdminDashboardBasic" name="test_admin_dashboard_top_level_keys" time="0.249" /><testcase classname="backend.tests.test_admin_dashboard.TestAdminDashboardBasic" name="test_admin_dashboard_totals_structure" time="0.199" /><testcase classname="backend.tests.test_admin_dashboard.TestAdminDashboardBasic" name="test_admin_dashboard_health_structure" time="0.215" /><testcase classname="backend.tests.test_admin_dashboard.TestAdminDashboardBasic" name="test_admin_dashboard_asset_categories" time="0.208" /><testcase classname="backend.tests.test_admin_dashboard.TestAdminDashboardBasic" name="test_admin_dashboard_stations_structure" time="0.192" /><testcase classname="backend.tests.test_admin_dashboard.TestAdminDashboardBasic" name="test_admin_dashboard_reporting_officers" time="0.205" /><testcase classname="backend.tests.test_admin_dashboard.TestAdminDashboardBasic" name="test_admin_dashboard_available_stations" time="0.203" /><testcase classname="backend.tests.test_admin_dashboard.TestAdminDashboardBasic" name="test_health_totals_match_asset_count" time="0.194" /><testcase classname="backend.tests.test_admin_dashboard.TestAdminDashboardFilters" name="test_station_filter_accepted" time="0.603" /><testcase classname="backend.tests.test_admin_dashboard.TestAdminDashboardFilters" name="test_department_filter_accepted" time="0.455" /><testcase classname="backend.tests.test_admin_dashboard.TestAdminDashboardFilters" name="test_reporting_officer_filter_accepted" time="0.387" /><testcase classname="backend.tests.test_admin_dashboard.TestAdminDashboardFilters" name="test_combined_filters" time="0.415" /><testcase classname="backend.tests.test_admin_dashboard.TestAdminDashboardRegression" name="test_supervisor_performance_still_works" time="3.235" /><testcase classname="backend.tests.test_admin_dashboard.TestAdminDashboardRegression" name="test_asup_performance_summary_still_works" time="0.230" /><testcase classname="backend.tests.test_admin_dashboard.TestAdminDashboardRegression" name="test_ro_performance_summary_still_works" time="0.225" /><testcase classname="backend.tests.test_admin_dashboard.TestAdminDashboardRegression" name="test_superadmin_dashboard_still_works" time="0.480" /></testsuite></testsuites>