<?xml version="1.0" encoding="utf-8"?><testsuites name="pytest tests"><testsuite name="pytest" errors="0" failures="0" skipped="0" tests="39" time="37.402" timestamp="2026-05-06T19:50:49.483205+00:00" hostname="agent-env-28963b8f-d602-4485-b26d-fa2e922ed1f3"><testcase classname="backend.tests.test_phase5_remarks.TestTags" name="test_list_default_tags" time="0.596" /><testcase classname="backend.tests.test_phase5_remarks.TestTags" name="test_create_tag_non_admin_forbidden" time="0.484" /><testcase classname="backend.tests.test_phase5_remarks.TestTags" name="test_create_tag_admin" time="0.122" /><testcase classname="backend.tests.test_phase5_remarks.TestTags" name="test_create_duplicate_slug" time="0.115" /><testcase classname="backend.tests.test_phase5_remarks.TestTags" name="test_update_tag" time="0.135" /><testcase classname="backend.tests.test_phase5_remarks.TestTags" name="test_archive_tag" time="0.395" /><testcase classname="backend.tests.test_phase5_remarks.TestRemarks" name="test_get_thread" time="0.260" /><testcase classname="backend.tests.test_phase5_remarks.TestRemarks" name="test_post_note_supervisor" time="0.148" /><testcase classname="backend.tests.test_phase5_remarks.TestRemarks" name="test_observation_supervisor_forbidden" time="0.131" /><testcase classname="backend.tests.test_phase5_remarks.TestRemarks" name="test_observation_asup_allowed" time="0.627" /><testcase classname="backend.tests.test_phase5_remarks.TestRemarks" name="test_escalation_all_roles" time="0.156" /><testcase classname="backend.tests.test_phase5_remarks.TestRemarks" name="test_text_max_length" time="0.137" /><testcase classname="backend.tests.test_phase5_remarks.TestRemarks" name="test_work_order_requires_ref" time="0.136" /><testcase classname="backend.tests.test_phase5_remarks.TestRemarks" name="test_work_order_with_ref" time="0.148" /><testcase classname="backend.tests.test_phase5_remarks.TestRemarks" name="test_unknown_tag" time="0.151" /><testcase classname="backend.tests.test_phase5_remarks.TestRemarks" name="test_invalid_type_rejected" time="0.224" /><testcase classname="backend.tests.test_phase5_remarks.TestRemarks" name="test_thread_contains_posted" time="0.132" /><testcase classname="backend.tests.test_phase5_remarks.TestRemarks" name="test_notification_fanout_note" time="1.302" /><testcase classname="backend.tests.test_phase5_remarks.TestAutoRemarks" name="test_rectification_auto_remark_on_mark_working" time="8.625" /><testcase classname="backend.tests.test_phase4_extensions.TestAdminRollup" name="test_top_level_shape" time="9.939" /><testcase classname="backend.tests.test_phase4_extensions.TestAdminRollup" name="test_fy_label_is_current_indian_fy" time="0.000" /><testcase classname="backend.tests.test_phase4_extensions.TestAdminRollup" name="test_fy_window_apr_to_apr" time="0.000" /><testcase classname="backend.tests.test_phase4_extensions.TestAdminRollup" name="test_matrix_dims_match_axes" time="0.000" /><testcase classname="backend.tests.test_phase4_extensions.TestAdminRollup" name="test_each_row_has_cells_for_every_dept" time="0.000" /><testcase classname="backend.tests.test_phase4_extensions.TestAdminRollup" name="test_cell_schema" time="0.000" /><testcase classname="backend.tests.test_phase4_extensions.TestAdminRollup" name="test_orphan_cells_have_is_orphan_true_and_null_pct" time="0.000" /><testcase classname="backend.tests.test_phase4_extensions.TestAdminRollup" name="test_non_orphan_cells_have_sup_ids" time="0.000" /><testcase classname="backend.tests.test_phase4_extensions.TestAdminRollup" name="test_dept_benchmarks_keyed_by_dept" time="0.000" /><testcase classname="backend.tests.test_phase4_extensions.TestAdminRollup" name="test_date_filter_applied" time="12.371" /><testcase classname="backend.tests.test_phase4_extensions.TestAdminRollup" name="test_bad_date_returns_400" time="0.158" /><testcase classname="backend.tests.test_phase4_extensions.TestCoverageGaps" name="test_shape" time="0.234" /><testcase classname="backend.tests.test_phase4_extensions.TestCoverageGaps" name="test_missing_sup_severity_red" time="0.000" /><testcase classname="backend.tests.test_phase4_extensions.TestCoverageGaps" name="test_missing_asup_severity_amber_station_only" time="0.000" /><testcase classname="backend.tests.test_phase4_extensions.TestCoverageGaps" name="test_missing_ro_severity_amber" time="0.000" /><testcase classname="backend.tests.test_phase4_extensions.TestCoverageGaps" name="test_missing_sup_cartesian_consistency" time="0.000" /><testcase classname="backend.tests.test_phase4_extensions.TestPerformanceSummaryEnrichment" name="test_asup_rows_have_benchmark_and_zero_defect" time="0.145" /><testcase classname="backend.tests.test_phase4_extensions.TestPerformanceSummaryEnrichment" name="test_ro_rows_have_benchmark_and_zero_defect" time="0.160" /><testcase classname="backend.tests.test_phase4_extensions.TestRegression" name="test_supervisor_performance_still_works" time="0.150" /><testcase classname="backend.tests.test_phase4_extensions.TestRegression" name="test_orange_list_scoping_for_sup" time="0.135" /></testsuite></testsuites>