<?xml version="1.0" encoding="utf-8"?><testsuites name="pytest tests"><testsuite name="pytest" errors="0" failures="0" skipped="0" tests="19" time="2.462" timestamp="2026-05-16T10:30:11.861018+00:00" hostname="agent-env-959c679c-bfac-4e0e-989d-34d6f05e902d"><testcase classname="backend.tests.test_zones_divisions_sprint.TestZones" name="test_list_zones_returns_200" time="0.515" /><testcase classname="backend.tests.test_zones_divisions_sprint.TestZones" name="test_ecr_zone_auto_created" time="0.046" /><testcase classname="backend.tests.test_zones_divisions_sprint.TestZones" name="test_create_zone_requires_superadmin" time="0.042" /><testcase classname="backend.tests.test_zones_divisions_sprint.TestZones" name="test_create_and_delete_zone" time="0.180" /><testcase classname="backend.tests.test_zones_divisions_sprint.TestZones" name="test_duplicate_zone_code_rejected" time="0.047" /><testcase classname="backend.tests.test_zones_divisions_sprint.TestDivisions" name="test_list_divisions_returns_200" time="0.045" /><testcase classname="backend.tests.test_zones_divisions_sprint.TestDivisions" name="test_dhanbad_division_exists_with_stations" time="0.044" /><testcase classname="backend.tests.test_zones_divisions_sprint.TestDivisions" name="test_create_and_delete_division" time="0.186" /><testcase classname="backend.tests.test_zones_divisions_sprint.TestDivisions" name="test_division_has_zone_name_populated" time="0.090" /><testcase classname="backend.tests.test_zones_divisions_sprint.TestDivisions" name="test_get_division_stations" time="0.047" /><testcase classname="backend.tests.test_zones_divisions_sprint.TestStationsDivisionField" name="test_stations_have_division_id" time="0.045" /><testcase classname="backend.tests.test_zones_divisions_sprint.TestStationsDivisionField" name="test_stations_have_division_name" time="0.044" /><testcase classname="backend.tests.test_zones_divisions_sprint.TestHealthExplorerDivisionMode" name="test_he_division_mode_l1" time="0.050" /><testcase classname="backend.tests.test_zones_divisions_sprint.TestHealthExplorerDivisionMode" name="test_he_division_mode_l2" time="0.048" /><testcase classname="backend.tests.test_zones_divisions_sprint.TestHealthExplorerDivisionMode" name="test_he_division_mode_breadcrumb" time="0.051" /><testcase classname="backend.tests.test_zones_divisions_sprint.TestHealthExplorerDivisionMode" name="test_he_filters_endpoint" time="0.051" /><testcase classname="backend.tests.test_zones_divisions_sprint.TestDivisionalAdminUser" name="test_create_divisional_admin_user" time="0.322" /><testcase classname="backend.tests.test_zones_divisions_sprint.TestDivisionalAdminUser" name="test_divisional_admin_login" time="0.372" /><testcase classname="backend.tests.test_zones_divisions_sprint.TestDivisionalAdminUser" name="test_cleanup_da001_user" time="0.045" /></testsuite></testsuites>