<?xml version="1.0" encoding="utf-8"?><testsuites name="pytest tests"><testsuite name="pytest" errors="0" failures="0" skipped="0" tests="16" time="2.202" timestamp="2026-05-16T09:53:34.831940+00:00" hostname="agent-env-959c679c-bfac-4e0e-989d-34d6f05e902d"><testcase classname="backend.tests.test_sprint_a_photo_gps_inspection.TestAssetPhotoGPS" name="test_create_asset_with_photo_and_gps" time="0.558" /><testcase classname="backend.tests.test_sprint_a_photo_gps_inspection.TestAssetPhotoGPS" name="test_get_asset_includes_photo_and_gps" time="0.045" /><testcase classname="backend.tests.test_sprint_a_photo_gps_inspection.TestAssetPhotoGPS" name="test_list_assets_includes_photo_and_gps" time="0.057" /><testcase classname="backend.tests.test_sprint_a_photo_gps_inspection.TestAssetPhotoGPS" name="test_update_asset_preserves_photo_when_none" time="0.042" /><testcase classname="backend.tests.test_sprint_a_photo_gps_inspection.TestAssetPhotoGPS" name="test_update_asset_replaces_photo_when_provided" time="0.082" /><testcase classname="backend.tests.test_sprint_a_photo_gps_inspection.TestAssetPhotoGPS" name="test_cleanup_test_asset" time="0.091" /><testcase classname="backend.tests.test_sprint_a_photo_gps_inspection.TestInspectionSubmit" name="test_setup_asset_for_inspection" time="0.042" /><testcase classname="backend.tests.test_sprint_a_photo_gps_inspection.TestInspectionSubmit" name="test_submit_inspection_with_ok_asset" time="0.158" /><testcase classname="backend.tests.test_sprint_a_photo_gps_inspection.TestInspectionSubmit" name="test_submit_inspection_not_ok_requires_defective_since" time="0.053" /><testcase classname="backend.tests.test_sprint_a_photo_gps_inspection.TestInspectionSubmit" name="test_cleanup_inspection_asset" time="0.044" /><testcase classname="backend.tests.test_sprint_a_photo_gps_inspection.TestGetAssetsBaseline" name="test_list_assets_returns_200" time="0.048" /><testcase classname="backend.tests.test_sprint_a_photo_gps_inspection.TestGetAssetsBaseline" name="test_list_assets_total_dhn_is_73" time="0.048" /><testcase classname="backend.tests.test_sprint_a_photo_gps_inspection.TestGetAssetsBaseline" name="test_list_assets_core_fields_present" time="0.049" /><testcase classname="backend.tests.test_sprint_a_photo_gps_inspection.TestGetAssetsBaseline" name="test_paginated_list_assets" time="0.043" /><testcase classname="backend.tests.test_sprint_a_photo_gps_inspection.TestAuthRoles" name="test_supervisor_login" time="0.319" /><testcase classname="backend.tests.test_sprint_a_photo_gps_inspection.TestAuthRoles" name="test_viewer_login" time="0.339" /></testsuite></testsuites>