<?xml version="1.0" encoding="utf-8"?><testsuites name="pytest tests"><testsuite name="pytest" errors="0" failures="0" skipped="0" tests="16" time="1.405" timestamp="2026-05-16T12:32:58.844041+00:00" hostname="agent-env-564571e2-09c7-41b2-ab4a-cd1a6abc0190"><testcase classname="backend.tests.test_sprint_d_features.TestZonesAPI" name="test_list_zones_returns_200" time="0.439" /><testcase classname="backend.tests.test_sprint_d_features.TestZonesAPI" name="test_zones_have_required_fields" time="0.050" /><testcase classname="backend.tests.test_sprint_d_features.TestZonesAPI" name="test_ecr_zone_exists" time="0.052" /><testcase classname="backend.tests.test_sprint_d_features.TestZonesAPI" name="test_zones_no_id_field_in_list" time="0.048" /><testcase classname="backend.tests.test_sprint_d_features.TestDivisionsAPI" name="test_list_divisions_returns_200" time="0.059" /><testcase classname="backend.tests.test_sprint_d_features.TestDivisionsAPI" name="test_divisions_have_required_fields" time="0.049" /><testcase classname="backend.tests.test_sprint_d_features.TestDivisionsAPI" name="test_dhanbad_division_exists" time="0.048" /><testcase classname="backend.tests.test_sprint_d_features.TestDivisionsAPI" name="test_divisions_have_zone_name" time="0.048" /><testcase classname="backend.tests.test_sprint_d_features.TestDivisionsAPI" name="test_divisions_have_assigned_stations" time="0.048" /><testcase classname="backend.tests.test_sprint_d_features.TestHealthExplorerForTree" name="test_station_mode_l1_returns_rows" time="0.054" /><testcase classname="backend.tests.test_sprint_d_features.TestHealthExplorerForTree" name="test_station_rows_have_health_fields" time="0.050" /><testcase classname="backend.tests.test_sprint_d_features.TestHealthExplorerForTree" name="test_health_explorer_filters_endpoint" time="0.057" /><testcase classname="backend.tests.test_sprint_d_features.TestInspectionHistoryDrawerAPI" name="test_inspections_paginated_with_station_filter" time="0.101" /><testcase classname="backend.tests.test_sprint_d_features.TestInspectionHistoryDrawerAPI" name="test_inspection_history_without_station_filter" time="0.057" /><testcase classname="backend.tests.test_sprint_d_features.TestComplianceSupervisorTabWithZoneFilter" name="test_supervisor_activity_returns_list" time="0.059" /><testcase classname="backend.tests.test_sprint_d_features.TestComplianceSupervisorTabWithZoneFilter" name="test_supervisor_activity_with_station_filter" time="0.101" /></testsuite></testsuites>