<?xml version="1.0" encoding="utf-8"?><testsuites name="pytest tests"><testsuite name="pytest" errors="0" failures="0" skipped="0" tests="9" time="6.172" timestamp="2026-05-17T03:25:31.513668+00:00" hostname="agent-env-564571e2-09c7-41b2-ab4a-cd1a6abc0190"><testcase classname="backend.tests.test_subzone_individual_iter32.TestIndividualSubZonePersistence" name="test_create_individual_with_sub_zone_persists" time="1.208" /><testcase classname="backend.tests.test_subzone_individual_iter32.TestIndividualSubZonePersistence" name="test_create_individual_with_wrong_location_subzone_400" time="0.103" /><testcase classname="backend.tests.test_subzone_individual_iter32.TestIndividualSubZonePersistence" name="test_update_individual_sets_and_clears_sub_zone" time="0.593" /><testcase classname="backend.tests.test_subzone_individual_iter32.TestAssetListFilter" name="test_list_filter_by_sub_zone" time="0.200" /><testcase classname="backend.tests.test_subzone_individual_iter32.TestBulkAssign" name="test_bulk_assign_happy_path" time="0.561" /><testcase classname="backend.tests.test_subzone_individual_iter32.TestBulkAssign" name="test_bulk_mixed_locations_400" time="0.321" /><testcase classname="backend.tests.test_subzone_individual_iter32.TestBulkAssign" name="test_bulk_wrong_sub_zone_400" time="0.204" /><testcase classname="backend.tests.test_subzone_individual_iter32.TestBulkAssign" name="test_bulk_clear_sub_zone_null" time="0.900" /><testcase classname="backend.tests.test_subzone_individual_iter32.TestBulkAssign" name="test_bulk_skips_grouped" time="2.001" /></testsuite></testsuites>