<?xml version="1.0" encoding="utf-8"?><testsuites name="pytest tests"><testsuite name="pytest" errors="0" failures="0" skipped="0" tests="21" time="3.747" timestamp="2026-05-12T14:09:40.749225+00:00" hostname="agent-env-7bc1d133-af84-4ac4-b7df-68b46b59b240"><testcase classname="backend.tests.test_viewer_role.TestViewerReadAccess" name="test_login_returns_viewer_role" time="0.412" /><testcase classname="backend.tests.test_viewer_role.TestViewerReadAccess" name="test_dashboard_stats" time="0.154" /><testcase classname="backend.tests.test_viewer_role.TestViewerReadAccess" name="test_assets_list" time="0.171" /><testcase classname="backend.tests.test_viewer_role.TestViewerReadAccess" name="test_orange_list" time="0.181" /><testcase classname="backend.tests.test_viewer_role.TestViewerReadAccess" name="test_inspections" time="0.148" /><testcase classname="backend.tests.test_viewer_role.TestViewerReadAccess" name="test_schedules" time="0.122" /><testcase classname="backend.tests.test_viewer_role.TestViewerReadAccess" name="test_notifications" time="0.133" /><testcase classname="backend.tests.test_viewer_role.TestViewerReadAccess" name="test_reports_builder_featured" time="0.128" /><testcase classname="backend.tests.test_viewer_role.TestViewerReadAccess" name="test_comparative_by_asset_type" time="0.135" /><testcase classname="backend.tests.test_viewer_role.TestViewerMutationsBlocked" name="test_post_inspection_blocked" time="0.126" /><testcase classname="backend.tests.test_viewer_role.TestViewerMutationsBlocked" name="test_put_user_blocked" time="0.169" /><testcase classname="backend.tests.test_viewer_role.TestViewerMutationsBlocked" name="test_delete_asset_blocked" time="0.134" /><testcase classname="backend.tests.test_viewer_role.TestViewerMutationsBlocked" name="test_data_health_clean_blocked" time="0.196" /><testcase classname="backend.tests.test_viewer_role.TestViewerMutationsBlocked" name="test_orange_list_post_blocked" time="0.139" /><testcase classname="backend.tests.test_viewer_role.TestViewerMutationsBlocked" name="test_remarks_post_blocked" time="0.131" /><testcase classname="backend.tests.test_viewer_role.TestViewerAllowedPosts" name="test_login_allowed" time="0.356" /><testcase classname="backend.tests.test_viewer_role.TestViewerAllowedPosts" name="test_reports_builder_run_not_guard_blocked" time="0.167" /><testcase classname="backend.tests.test_viewer_role.TestViewerAllowedPosts" name="test_dossier_run_not_guard_blocked" time="0.122" /><testcase classname="backend.tests.test_viewer_role.TestViewerAllowedPosts" name="test_dossier_export_pdf_not_guard_blocked" time="0.121" /><testcase classname="backend.tests.test_viewer_role.TestViewerAllowedPosts" name="test_comparative_export_pdf_not_guard_blocked" time="0.256" /><testcase classname="backend.tests.test_viewer_role.TestViewerAllowedPosts" name="test_comparative_export_excel_not_guard_blocked" time="0.168" /></testsuite></testsuites>